ADA
ADCY1
ADCY10
ADCY2
ADCY3
ADCY4
ADCY5
ADCY6
ADCY7
ADCY8
ADCY9
ADK
ADSL
ADSS
ADSSL1
AK1
AK2
AK4
AK5
ALLC
AMPD1
AMPD2
AMPD3
APRT
ATIC
CANT1
ENTPD1
ENTPD2
ENTPD3
ENTPD4
ENTPD5
ENTPD6
GART
GDA
GMPR
GMPR2
GMPS
GUCY1A1
GUCY1A2
GUCY1B1
GUCY1B2
GUCY2C
GUCY2D
GUCY2F
GUK1
HPRT1
IMPDH1
IMPDH2
ITPA
NME1
NME2
NME3
NME4
NME5
NME6
NME7
NPR1
NPR2
NT5C
NT5C1B
NT5C2
NT5C3A
NT5E
NT5M
NUDT2
NUDT5
NUDT9
PAICS
PAPSS1
PAPSS2
PDE10A
PDE1A
PDE1B
PDE1C
PDE2A
PDE3A
PDE3B
PDE4A
PDE4B
PDE4C
PDE4D
PDE5A
PDE6A
PDE6B
PDE6C
PDE6D
PDE6G
PDE6H
PDE7A
PDE7B
PDE8A
PDE8B
PDE9A
PFAS
PKLR
PKM
PNP
PPAT
PRPS1L1
PRPS2
RRM1
RRM2
TYMP
XDH
